15.07.2021 17:49:43 --- marinkovic@cvecara.com se uspesno prijavio
15.07.2021 17:49:25 --- peric@cvecara.com se uspesno odjavio
15.07.2021 17:48:57 --- peric@cvecara.com se uspesno prijavio
15.07.2021 17:48:51 --- stolic@cvecara.com se uspesno odjavio
15.07.2021 17:48:43 --- stolic@cvecara.com se uspesno prijavio
15.07.2021 17:48:38 --- marinkovic@cvecara.com se uspesno odjavio
15.07.2021 17:44:21 --- marinkovic@cvecara.com se uspesno prijavio
15.07.2021 17:44:17 --- stolic@cvecara.com se uspesno odjavio
15.07.2021 17:44:12 --- stolic@cvecara.com se uspesno prijavio
15.07.2021 17:44:05 --- marinkovic@cvecara.com se uspesno odjavio
15.07.2021 17:34:49 --- marinkovic@cvecara.com se uspesno prijavio
15.07.2021 17:34:43 --- stolic@cvecara.com se uspesno odjavio
15.07.2021 16:31:20 --- stolic@cvecara.com se uspesno prijavio
15.07.2021 16:30:47 --- marinkovic@cvecara.com se uspesno odjavio
15.07.2021 16:30:27 --- marinkovic@cvecara.com se uspesno prijavio
15.07.2021 16:25:02 --- marinkovic@cvecara.com se uspesno odjavio
15.07.2021 16:24:42 --- marinkovic@cvecara.com se uspesno prijavio
15.07.2021 16:24:37 --- peric@cvecara.com se uspesno odjavio
15.07.2021 16:24:30 --- peric@cvecara.com se uspesno prijavio
15.07.2021 16:24:24 --- stolic@cvecara.com se uspesno odjavio
15.07.2021 16:24:20 --- stolic@cvecara.com se uspesno prijavio
15.07.2021 16:24:14 --- marinkovic@cvecara.com se uspesno odjavio
15.07.2021 16:00:16 --- marinkovic@cvecara.com se uspesno prijavio
15.07.2021 16:00:13 --- marinkovic@cvecara.com - [pokusaj logina ::1] - pogresna lozinkaaaaaaaaaaaaaaaaaaaaaaaaa
15.07.2021 16:00:09 --- marinkovic@cvecara.com se uspesno odjavio
15.07.2021 15:59:40 --- marinkovic@cvecara.com se uspesno prijavio
15.07.2021 15:59:37 --- jajaj@live.com - [pokusaj logina ::1] - korisnik ne postoji
15.07.2021 15:59:34 --- marinkovic@cvecara.com - [pokusaj logina ::1] - pogresna lozinka
15.07.2021 15:59:30 --- marinkovic@cvecara.com se uspesno odjavio
15.07.2021 15:56:39 --- marinkovic@cvecara.com se uspesno prijavio
15.07.2021 15:56:36 --- admin@sajt.com - [pokusaj logina] - korisnik ne postoji
15.07.2021 15:56:33 --- jajaj@live.com - [pokusaj logina] - korisnik ne postoji
15.07.2021 15:56:30 --- marinkovic@cvecara.com - [pokusaj logina] - pogresna lozinka
15.07.2021 15:56:26 --- marinkovic@cvecara.com se uspesno odjavio
15.07.2021 15:54:52 --- marinkovic@cvecara.com se uspesno prijavio
15.07.2021 15:54:48 --- jajaj@live.com - korisnik ne postoji
15.07.2021 15:54:46 --- marinkovic@cvecara.com - pogresna lozinka
15.07.2021 15:54:40 --- marinkovic@cvecara.com se uspesno odjavio
15.07.2021 15:48:58 --- marinkovic@cvecara.com se uspesno prijavio
15.07.2021 15:48:55 --- marinkovic@cvecara.com se uspesno odjavio
15.07.2021 15:48:53 --- marinkovic@cvecara.com se uspesno prijavio
15.07.2021 15:48:50 --- marinkovic@cvecara.com se uspesno odjavio
15.07.2021 15:48:43 --- marinkovic@cvecara.com se uspesno prijavio
15.07.2021 15:48:41 --- marinkovic@cvecara.com se uspesno odjavio
15.07.2021 15:48:39 --- marinkovic@cvecara.com se uspesno prijavio
15.07.2021 15:48:36 --- marinkovic@cvecara.com se uspesno odjavio
15.07.2021 15:48:35 --- marinkovic@cvecara.com se uspesno prijavio
15.07.2021 15:48:09 --- marinkovic@cvecara.com se uspesno odjavio
15.07.2021 15:48:08 --- marinkovic@cvecara.com se uspesno prijavio
15.07.2021 15:48:02 --- marinkovic@cvecara.com se uspesno odjavio
15.07.2021 15:48:00 --- marinkovic@cvecara.com se uspesno prijavio
15.07.2021 15:47:54 --- marinkovic@cvecara.com se uspesno odjavio
15.07.2021 15:44:37 --- marinkovic@cvecara.com se uspesno prijavio
15.07.2021 15:44:32 --- stolic@cvecara.com se uspesno odjavio
15.07.2021 15:44:30 --- stolic@cvecara.com se uspesno prijavio
15.07.2021 15:44:22 --- peric@cvecara.com se uspesno odjavio
15.07.2021 15:44:12 --- peric@cvecara.com se uspesno prijavio

