19.07.2021 22:43:01 --- marinkovic@cvecara.com : uspesan upload slike za proizvod id: 29, ime slike: 29.jpg
19.07.2021 22:43:01 --- marinkovic@cvecara.com uspesno dodao proizvod 'Rosella sobna'
19.07.2021 22:40:36 --- marinkovic@cvecara.com : uspesan upload slike za proizvod id: 28, ime slike: 28.jpg
19.07.2021 22:40:36 --- marinkovic@cvecara.com uspesno dodao proizvod 'Tulipani visebojni'
19.07.2021 22:39:40 --- marinkovic@cvecara.com : uspesan upload slike za proizvod id: 27, ime slike: 27.jpg
19.07.2021 22:39:40 --- marinkovic@cvecara.com uspesno dodao proizvod 'Tulipani crveni'
19.07.2021 22:38:30 --- marinkovic@cvecara.com : uspesan upload slike za proizvod id: 26, ime slike: 26.jpg
19.07.2021 22:38:30 --- marinkovic@cvecara.com uspesno dodao proizvod 'Anthurium sobna'
19.07.2021 22:37:11 --- marinkovic@cvecara.com : uspesan upload slike za proizvod id: 25, ime slike: 25.jpg
19.07.2021 22:37:11 --- marinkovic@cvecara.com uspesno dodao proizvod 'Crvene ruze buket XL'
19.07.2021 22:34:49 --- stolic@cvecara.com : uspesan upload slike za proizvod id: 24, ime slike: 24.jpg
19.07.2021 22:34:49 --- stolic@cvecara.com uspesno dodao proizvod 'Crvene ruze buket'
19.07.2021 22:34:01 --- stolic@cvecara.com uspesno obrisao proizvod sa id: 5
19.07.2021 22:33:45 --- stolic@cvecara.com : uspesan upload slike za proizvod id: 23, ime slike: 23.jpg
19.07.2021 22:33:45 --- stolic@cvecara.com uspesno dodao proizvod 'Orhideja  leptir'
19.07.2021 22:32:00 --- stolic@cvecara.com uspesno obrisao proizvod sa id: 9
19.07.2021 22:31:33 --- stolic@cvecara.com : uspesan upload slike za proizvod id: 22, ime slike: 22.jpg
19.07.2021 22:31:33 --- stolic@cvecara.com uspesno dodao proizvod 'Hrizantema Crvena'
19.07.2021 22:19:38 --- marinkovic@cvecara.com uspesno obrisao proizvod sa id: 7
19.07.2021 22:19:31 --- marinkovic@cvecara.com uspesno obrisao proizvod sa id: 2
19.07.2021 22:19:28 --- marinkovic@cvecara.com uspesno obrisao proizvod sa id: 6
19.07.2021 22:07:09 --- marinkovic@cvecara.com uspesno obrisao proizvod sa id: 19
19.07.2021 22:06:51 --- marinkovic@cvecara.com : uspesan upload slike za proizvod id: 21, ime slike: 21.jpg
19.07.2021 22:06:51 --- marinkovic@cvecara.com uspesno dodao proizvod 'Orhideja Pink'
17.07.2021 15:52:23 --- stolic@cvecara.com uspesno obrisao proizvod sa id: 4
17.07.2021 15:51:54 --- stolic@cvecara.com uspesno obrisao proizvod sa id: 4
17.07.2021 15:48:40 --- stolic@cvecara.com uspesno dodao proizvod 'Novi proizvod proba'
16.07.2021 23:46:31 --- marinkovic@cvecara.com uspesno dodao proizvod 'proba nego sta'
16.07.2021 23:45:28 --- marinkovic@cvecara.com uspesno dodao proizvod 'proobaaa'
16.07.2021 23:43:07 --- marinkovic@cvecara.com uspesno dodao proizvod 'Naslov peroizcvoda'
16.07.2021 23:29:03 --- marinkovic@cvecara.com : uspesan upload slike za proizvod id: 16, ime slike: 16.jpg
16.07.2021 23:29:03 --- marinkovic@cvecara.com uspesno dodao proizvod 'Proba za slike'
16.07.2021 15:22:06 --- marinkovic@cvecara.com uspesno dodao proizvod 'Alelelelle'
15.07.2021 17:51:13 --- marinkovic@cvecara.com : uspesan upload slike za proizvod id: 14, ime slike: 14.jpg
15.07.2021 17:51:13 --- marinkovic@cvecara.com uspesno dodao proizvod 'AUUUU'
15.07.2021 17:38:08 --- marinkovic@cvecara.com uspesno obrisao proizvod sa id: 13
15.07.2021 17:37:53 --- marinkovic@cvecara.com uspesno obrisao proizvod sa id: 13
15.07.2021 17:36:09 --- marinkovic@cvecara.com : uspesan upload slike za proizvod id: 13, ime slike: 13.jpg
15.07.2021 17:36:09 --- marinkovic@cvecara.com uspesno dodao proizvod 'Nasloov'
15.07.2021 17:34:21 --- stolic@cvecara.com uspesno obrisao proizvod sa id: 12
15.07.2021 17:33:54 --- stolic@cvecara.com uspesno obrisao proizvod sa id: 11
15.07.2021 17:06:23 --- stolic@cvecara.com : uspesan upload slike za proizvod id: 12, ime slike: 12.jpg
15.07.2021 17:06:23 --- stolic@cvecara.com uspesno dodao proizvod 'Najnoviji proizvod'
15.07.2021 17:04:53 --- stolic@cvecara.com : uspesan upload slike za proizvod id: 11, ime slike: 11.jpg
15.07.2021 17:04:53 --- stolic@cvecara.com uspesno dodao proizvod 'Novi proizvod'
